[13:48:07] [main/INFO]: Loading Minecraft 1.20.1 with Fabric Loader 0.16.3
[13:48:07] [ForkJoinPool-1-worker-3/WARN]: Mod waterframes uses the version 2.1.7b which isn't compatible with Loader's extended semantic version format (Could not parse version number component '7b'!), SemVer is recommended for reliably evaluating dependencies and prioritizing newer version
[13:48:07] [main/INFO]: Loading 67 mods:
	- cloth-config 11.1.136
	   \-- cloth-basic-math 0.6.1
	- creativecore 2.12.24
	   \-- net_minecraftforge_eventbus 6.0.3
	- fabric-api 0.92.3+1.20.1
	   |-- fabric-api-base 0.4.31+1802ada577
	   |-- fabric-api-lookup-api-v1 1.6.36+1802ada577
	   |-- fabric-biome-api-v1 13.0.13+1802ada577
	   |-- fabric-block-api-v1 1.0.11+1802ada577
	   |-- fabric-block-view-api-v2 1.0.1+1802ada577
	   |-- fabric-blockrenderlayer-v1 1.1.41+1802ada577
	   |-- fabric-client-tags-api-v1 1.1.2+1802ada577
	   |-- fabric-command-api-v1 1.2.34+f71b366f77
	   |-- fabric-command-api-v2 2.2.13+1802ada577
	   |-- fabric-commands-v0 0.2.51+df3654b377
	   |-- fabric-containers-v0 0.1.65+df3654b377
	   |-- fabric-content-registries-v0 4.0.12+1802ada577
	   |-- fabric-convention-tags-v1 1.5.5+1802ada577
	   |-- fabric-crash-report-info-v1 0.2.19+1802ada577
	   |-- fabric-data-attachment-api-v1 1.0.1+de0fd6d177
	   |-- fabric-data-generation-api-v1 12.3.5+1802ada577
	   |-- fabric-dimensions-v1 2.1.54+1802ada577
	   |-- fabric-entity-events-v1 1.6.0+1c78457f77
	   |-- fabric-events-interaction-v0 0.6.3+13a40c6677
	   |-- fabric-events-lifecycle-v0 0.2.63+df3654b377
	   |-- fabric-game-rule-api-v1 1.0.40+1802ada577
	   |-- fabric-item-api-v1 2.1.28+1802ada577
	   |-- fabric-item-group-api-v1 4.0.13+1802ada577
	   |-- fabric-key-binding-api-v1 1.0.37+1802ada577
	   |-- fabric-keybindings-v0 0.2.35+df3654b377
	   |-- fabric-lifecycle-events-v1 2.2.22+1802ada577
	   |-- fabric-loot-api-v2 1.2.2+1802ada577
	   |-- fabric-loot-tables-v1 1.1.46+9e7660c677
	   |-- fabric-message-api-v1 5.1.9+1802ada577
	   |-- fabric-mining-level-api-v1 2.1.51+1802ada577
	   |-- fabric-model-loading-api-v1 1.0.3+1802ada577
	   |-- fabric-models-v0 0.4.2+9386d8a777
	   |-- fabric-networking-api-v1 1.3.12+13a40c6677
	   |-- fabric-networking-v0 0.3.52+df3654b377
	   |-- fabric-object-builder-api-v1 11.1.4+1802ada577
	   |-- fabric-particles-v1 1.1.2+1802ada577
	   |-- fabric-recipe-api-v1 1.0.22+1802ada577
	   |-- fabric-registry-sync-v0 2.3.4+1802ada577
	   |-- fabric-renderer-api-v1 3.2.1+1802ada577
	   |-- fabric-renderer-indigo 1.5.2+85287f9f77
	   |-- fabric-renderer-registries-v1 3.2.46+df3654b377
	   |-- fabric-rendering-data-attachment-v1 0.3.37+92a0d36777
	   |-- fabric-rendering-fluids-v1 3.0.28+1802ada577
	   |-- fabric-rendering-v0 1.1.49+df3654b377
	   |-- fabric-rendering-v1 3.0.8+1802ada577
	   |-- fabric-resource-conditions-api-v1 2.3.8+1802ada577
	   |-- fabric-resource-loader-v0 0.11.11+fb82e9d777
	   |-- fabric-screen-api-v1 2.0.8+1802ada577
	   |-- fabric-screen-handler-api-v1 1.3.31+1802ada577
	   |-- fabric-sound-api-v1 1.0.13+1802ada577
	   |-- fabric-transfer-api-v1 3.3.5+8dd72ea377
	   \-- fabric-transitive-access-wideners-v1 4.3.1+1802ada577
	- fabricloader 0.16.3
	   \-- mixinextras 0.4.1
	- forgeconfigapiport 8.0.1
	- geckolib 4.7
	   \-- com_eliotlash_mclib_mclib 20
	- java 17
	- minecraft 1.20.1
	- pointblank 1.9.6
	- skinrestorer 2.2.1+1.20-fabric
	   \-- org_mineskin_java-client 3.0.1-SNAPSHOT
	- tacz 1.0.2-hotfix2
	   |-- cardinal-components-base 5.2.2
	   |-- cardinal-components-entity 5.2.2
	   |-- com_github_286799714_luaj_luaj-core 3.0.3
	   |-- com_github_286799714_luaj_luaj-jse 3.0.3
	   |-- controlling 12.0.2
	   |-- mkb 1.2.0
	   |-- org_apache_commons_commons-math3 3.6.1
	   |-- porting_lib_core 2.3.4+1.20.1
	   |-- porting_lib_entity 2.3.4+1.20.1
	   |    \-- porting_lib_mixin_extensions 2.3.4+1.20.1
	   |-- porting_lib_tags 3.0
	   \-- searchables 1.0.3
	- voicechat 1.20.1-2.5.27
	   \-- fabric-key-binding-api-v1 1.0.36+fb8d95da82
	- waterframes 2.1.7b
	- watermedia 2.1.10
[13:48:07] [main/WARN]: Found 2 non-fabric mods:
	- corpse-forge-1.20.1-1.0.17.jar
	- tacz-1.20.1-1.0.3-all.jar
[13:48:07] [main/INFO]: SpongePowered MIXIN Subsystem Version=0.8.7 Source=file:/workspaces/gambagames/servidor_minecraft/libraries/net/fabricmc/sponge-mixin/0.15.2+mixin.0.8.7/sponge-mixin-0.15.2+mixin.0.8.7.jar Service=Knot/Fabric Env=SERVER
[13:48:07] [main/INFO]: Compatibility level set to JAVA_17
[13:48:08] [main/WARN]: Error loading class: net/minecraft/class_276 (java.lang.ClassNotFoundException: net/minecraft/class_276)
[13:48:08] [main/WARN]: @Mixin target net.minecraft.class_276 was not found pointblank.fabric.mixins.json:RenderTargetMixin from mod pointblank
[13:48:08] [main/WARN]: Error loading class: net/minecraft/class_7766 (java.lang.ClassNotFoundException: net/minecraft/class_7766)
[13:48:08] [main/WARN]: @Mixin target net.minecraft.class_7766 was not found pointblank.fabric.mixins.json:SpriteLoaderMixin from mod pointblank
[13:48:08] [main/WARN]: Error loading class: net/minecraft/class_635 (java.lang.ClassNotFoundException: net/minecraft/class_635)
[13:48:08] [main/WARN]: @Mixin target net.minecraft.class_635 was not found tacz.mixins.json:client.network.ClientLoginNetworkHandlerAccessor from mod tacz
[13:48:08] [main/INFO]: Initializing MixinExtras via com.llamalad7.mixinextras.service.MixinExtrasServiceImpl(version=0.4.1).
[13:48:09] [main/WARN]: @Inject(@At("INVOKE")) Shift.BY=2 on porting_lib_entity.mixins.json:common.LivingEntityMixin from mod porting_lib_entity::handler$zjc000$porting_lib_entity$port_lib$onFinishUsing exceeds the maximum allowed value: 0. Increase the value of maxShiftBy to suppress this warning.
[13:48:14] [main/INFO]: Loading mod pointblank
[13:48:14] [main/INFO]: [STDERR]: java.nio.file.NoSuchFileException: ./pointblank
[13:48:14] [main/INFO]: [STDERR]: 	at java.base/sun.nio.fs.UnixException.translateToIOException(UnixException.java:92)
[13:48:14] [main/INFO]: [STDERR]: 	at java.base/sun.nio.fs.UnixException.rethrowAsIOException(UnixException.java:106)
[13:48:14] [main/INFO]: [STDERR]: 	at java.base/sun.nio.fs.UnixException.rethrowAsIOException(UnixException.java:111)
[13:48:14] [main/INFO]: [STDERR]: 	at java.base/sun.nio.fs.UnixFileSystemProvider.newDirectoryStream(UnixFileSystemProvider.java:440)
[13:48:14] [main/INFO]: [STDERR]: 	at java.base/java.nio.file.Files.newDirectoryStream(Files.java:482)
[13:48:14] [main/INFO]: [STDERR]: 	at com.vicmatskiv.pointblank.registry.ExtensionRegistry.scanExtensions(ExtensionRegistry.java:415)
[13:48:14] [main/INFO]: [STDERR]: 	at com.vicmatskiv.pointblank.registry.ExtensionRegistry.discoverExtensions(ExtensionRegistry.java:239)
[13:48:14] [main/INFO]: [STDERR]: 	at com.vicmatskiv.pointblank.PointBlankInitializer.init(PointBlankInitializer.java:30)
[13:48:14] [main/INFO]: [STDERR]: 	at com.vicmatskiv.pointblank.PointBlankMod.onInitialize(PointBlankMod.java:9)
[13:48:14] [main/INFO]: [STDERR]: 	at net.fabricmc.loader.impl.FabricLoaderImpl.invokeEntrypoints(FabricLoaderImpl.java:399)
[13:48:14] [main/INFO]: [STDERR]: 	at net.fabricmc.loader.impl.game.minecraft.Hooks.startServer(Hooks.java:63)
[13:48:14] [main/INFO]: [STDERR]: 	at net.minecraft.server.Main.main(Main.java:112)
[13:48:14] [main/INFO]: [STDERR]: 	at net.fabricmc.loader.impl.game.minecraft.MinecraftGameProvider.launch(MinecraftGameProvider.java:480)
[13:48:14] [main/INFO]: [STDERR]: 	at net.fabricmc.loader.impl.launch.knot.Knot.launch(Knot.java:74)
[13:48:14] [main/INFO]: [STDERR]: 	at net.fabricmc.loader.impl.launch.knot.KnotServer.main(KnotServer.java:23)
[13:48:14] [main/INFO]: [STDERR]: 	at net.fabricmc.loader.impl.launch.server.FabricServerLauncher.main(FabricServerLauncher.java:69)
[13:48:14] [main/INFO]: [STDERR]: 	at net.fabricmc.installer.ServerLauncher.main(ServerLauncher.java:69)
[13:48:15] [main/ERROR]: No data fixer registered for grenade40mm
[13:48:15] [main/ERROR]: No data fixer registered for grenade20mm
[13:48:15] [main/ERROR]: No data fixer registered for smaw_rocket
[13:48:15] [main/ERROR]: No data fixer registered for at4_rocket
[13:48:15] [main/ERROR]: No data fixer registered for javelin_rocket
[13:48:15] [main/ERROR]: No data fixer registered for grenade
[13:48:15] [main/ERROR]: No data fixer registered for target_minecart
[13:48:15] [main/INFO]: Registered synced data key tacz:shoot_cool_down for minecraft:living_entity
[13:48:15] [main/INFO]: Registered synced data key tacz:melee_cool_down for minecraft:living_entity
[13:48:15] [main/INFO]: Registered synced data key tacz:reload_state for minecraft:living_entity
[13:48:15] [main/INFO]: Registered synced data key tacz:aiming_progress for minecraft:living_entity
[13:48:15] [main/INFO]: Registered synced data key tacz:draw_cool_down for minecraft:living_entity
[13:48:15] [main/INFO]: Registered synced data key tacz:is_aiming for minecraft:living_entity
[13:48:15] [main/INFO]: Registered synced data key tacz:sprint_time for minecraft:living_entity
[13:48:15] [main/INFO]: Registered synced data key tacz:bolt_cool_down for minecraft:living_entity
[13:48:16] [main/INFO]: [voicechat] Compatibility version 18
[13:48:16] [main/INFO]: [voicechat] Loading plugins
[13:48:16] [main/INFO]: [voicechat] Loaded 0 plugin(s)
[13:48:16] [main/INFO]: [voicechat] Initializing plugins
[13:48:16] [main/INFO]: [voicechat] Initialized 0 plugin(s)
[13:48:16] [main/INFO]: Running WATERFrAMES v2.1.7b
[13:48:16] [main/WARN]: Stub running successfully
[13:48:17] [main/INFO]: Environment: authHost='https://authserver.mojang.com', accountsHost='https://api.mojang.com', sessionHost='https://sessionserver.mojang.com', servicesHost='https://api.minecraftservices.com', name='PROD'
[13:48:18] [main/INFO]: Loaded 8 recipes
[13:48:18] [main/INFO]: Loaded 1272 advancements
[13:48:19] [main/INFO]: Applied 0 biome modifications to 0 of 64 new biomes in 1.680 ms
[13:48:19] [Server thread/INFO]: Starting minecraft server version 1.20.1
[13:48:19] [Server thread/INFO]: Loading properties
[13:48:19] [Server thread/INFO]: Default game type: SURVIVAL
[13:48:19] [Server thread/INFO]: Generating keypair
[13:48:19] [Server thread/INFO]: Starting Minecraft server on *:25565
[13:48:19] [Server thread/INFO]: Using epoll channel type
[13:48:19] [Server thread/WARN]: **** SERVER IS RUNNING IN OFFLINE/INSECURE MODE!
[13:48:19] [Server thread/WARN]: The server will make no attempt to authenticate usernames. Beware.
[13:48:19] [Server thread/WARN]: While this makes the game possible to play without internet access, it also opens up the ability for hackers to connect with any username they choose.
[13:48:19] [Server thread/WARN]: To change this, set "online-mode" to "true" in the server.properties file.
[13:48:19] [Server thread/INFO]: Preparing level "world"
[13:48:23] [Server thread/INFO]: Preparing start region for dimension minecraft:overworld
[13:48:26] [Worker-Main-1/INFO]: Preparing spawn area: 0%
[13:48:26] [Worker-Main-3/INFO]: Preparing spawn area: 0%
[13:48:26] [Worker-Main-3/INFO]: Preparing spawn area: 0%
[13:48:26] [Worker-Main-3/INFO]: Preparing spawn area: 0%
[13:48:26] [Worker-Main-1/INFO]: Preparing spawn area: 0%
[13:48:26] [Worker-Main-1/INFO]: Preparing spawn area: 0%
[13:48:26] [Worker-Main-1/INFO]: Preparing spawn area: 0%
[13:48:26] [Worker-Main-3/INFO]: Preparing spawn area: 0%
[13:48:27] [Worker-Main-3/INFO]: Preparing spawn area: 0%
[13:48:27] [Worker-Main-1/INFO]: Preparing spawn area: 0%
[13:48:28] [Worker-Main-2/INFO]: Preparing spawn area: 0%
[13:48:28] [Worker-Main-3/INFO]: Preparing spawn area: 32%
[13:48:29] [Worker-Main-1/INFO]: Preparing spawn area: 83%
[13:48:29] [Server thread/INFO]: Time elapsed: 6107 ms
[13:48:29] [Server thread/INFO]: Done (9.385s)! For help, type "help"
[13:48:29] [Server thread/WARN]: [voicechat] Running in offline mode - Voice chat encryption is not secure!
[13:48:29] [VoiceChatServerThread/INFO]: [voicechat] Voice chat server started at port 24454
[13:49:32] [Server thread/INFO]: danni_gdr08[/[0:0:0:0:0:0:0:1%0]:45876] logged in with entity id 216 at (39.86149049676701, 60.0, -59.41898510130747)
[13:49:32] [Server thread/INFO]: danni_gdr08 joined the game
[13:49:34] [Server thread/INFO]: [voicechat] Received secret request of danni_gdr08 (18)
[13:49:34] [Server thread/INFO]: [voicechat] Sent secret to danni_gdr08
